<?xml version="1.0" encoding="UTF-8"?>
<!-- Generated by org.testng.reporters.JUnitReportReporter -->
<testsuite hostname="Sachins-MacBook-Pro.local" failures="0" tests="1" name="test.LoginTest" time="21.674" errors="0" timestamp="2024-02-13T21:27:29 IST" skipped="0">
  <testcase classname="test.LoginTest" name="loginTryLoop" time="21.674"/>
  <system-out/>
</testsuite> <!-- test.LoginTest -->
