<?xml version="1.0" encoding="UTF-8"?>
<!-- Generated by org.testng.reporters.JUnitReportReporter -->
<testsuite hostname="Sachins-MacBook-Pro.local" failures="0" tests="4" name="test.DataExtractionValidation" time="25.637" errors="0" timestamp="2024-02-14T19:44:25 IST" skipped="0">
  <testcase classname="test.DataExtractionValidation" name="loginTryLoop" time="13.990"/>
  <system-out/>
  <testcase classname="test.DataExtractionValidation" name="selectLocationMarketplaces" time="5.971"/>
  <system-out/>
  <testcase classname="test.DataExtractionValidation" name="generateCSVFile" time="0.658"/>
  <system-out/>
  <testcase classname="test.DataExtractionValidation" name="validateCSVFile" time="5.018"/>
  <system-out/>
</testsuite> <!-- test.DataExtractionValidation -->
