<?xml version="1.0" encoding="UTF-8"?>
<!-- Generated by org.testng.reporters.JUnitReportReporter -->
<testsuite hostname="Sachins-MacBook-Pro.local" failures="0" tests="4" name="test.DataExtractionValidation" time="25.678" errors="0" timestamp="2024-02-14T12:51:48 IST" skipped="0">
  <testcase classname="test.DataExtractionValidation" name="loginTryLoop" time="13.464"/>
  <system-out/>
  <testcase classname="test.DataExtractionValidation" name="selectLocationMarketplaces" time="6.508"/>
  <system-out/>
  <testcase classname="test.DataExtractionValidation" name="generateCSVFile" time="0.679"/>
  <system-out/>
  <testcase classname="test.DataExtractionValidation" name="validateCSVFile" time="5.027"/>
  <system-out/>
</testsuite> <!-- test.DataExtractionValidation -->
